<?xml version="1.0" encoding="UTF-8"?>
<testng-results ignored="0" total="1" passed="1" failed="0" skipped="0">
  <reporter-output>
  </reporter-output>
  <suite started-at="2025-09-08T18:55:00 IST" name="Default suite" finished-at="2025-09-08T18:56:03 IST" duration-ms="63528">
    <groups>
    </groups>
    <test started-at="2025-09-08T18:55:00 IST" name="Default test" finished-at="2025-09-08T18:56:03 IST" duration-ms="63528">
      <class name="PracticeForm">
        <test-method signature="Form()[pri:0, instance:PracticeForm@79924b]" started-at="2025-09-08T18:55:00 IST" name="Form" finished-at="2025-09-08T18:56:03 IST" duration-ms="63488" status="PASS">
          <reporter-output>
          </reporter-output>
        </test-method> <!-- Form -->
      </class> <!-- PracticeForm -->
    </test> <!-- Default test -->
  </suite> <!-- Default suite -->
</testng-results>
