<?xml version="1.0" encoding="UTF-8"?>
<testng-results ignored="0" total="1" passed="1" failed="0" skipped="0">
  <reporter-output>
  </reporter-output>
  <suite started-at="2025-09-10T15:31:58 IST" name="Default suite" finished-at="2025-09-10T15:33:50 IST" duration-ms="111866">
    <groups>
    </groups>
    <test started-at="2025-09-10T15:31:58 IST" name="Default test" finished-at="2025-09-10T15:33:50 IST" duration-ms="111866">
      <class name="Linkscode">
        <test-method signature="BrokenLinks()[pri:0, instance:Linkscode@79924b]" started-at="2025-09-10T15:31:59 IST" name="BrokenLinks" finished-at="2025-09-10T15:33:50 IST" duration-ms="111809" status="PASS">
          <reporter-output>
          </reporter-output>
        </test-method> <!-- BrokenLinks -->
      </class> <!-- Linkscode -->
    </test> <!-- Default test -->
  </suite> <!-- Default suite -->
</testng-results>
